[2024-03-20 07:18:26] local.ERROR: Invalid route action: [ProfileController]. {"exception":"[object] (UnexpectedValueException(code: 0): Invalid route action: [ProfileController]. at C:\\Users\\LENOVO T460s\\Praktikum4\\vendor\\laravel\\framework\\src\\Illuminate\\Routing\\RouteAction.php:92)
[stacktrace]
#0 C:\\Users\\LENOVO T460s\\Praktikum4\\vendor\\laravel\\framework\\src\\Illuminate\\Routing\\RouteAction.php(47): Illuminate\\Routing\\RouteAction::makeInvokable('ProfileControll...')
#1 C:\\Users\\LENOVO T460s\\Praktikum4\\vendor\\laravel\\framework\\src\\Illuminate\\Routing\\Route.php(192): Illuminate\\Routing\\RouteAction::parse('profile', Array)
#2 C:\\Users\\LENOVO T460s\\Praktikum4\\vendor\\laravel\\framework\\src\\Illuminate\\Routing\\Route.php(173): Illuminate\\Routing\\Route->parseAction(Array)
#3 C:\\Users\\LENOVO T460s\\Praktikum4\\vendor\\laravel\\framework\\src\\Illuminate\\Routing\\Router.php(669): Illuminate\\Routing\\Route->__construct(Array, 'profile', Array)
#4 C:\\Users\\LENOVO T460s\\Praktikum4\\vendor\\laravel\\framework\\src\\Illuminate\\Routing\\Router.php(561): Illuminate\\Routing\\Router->newRoute(Array, 'profile', Array)
#5 C:\\Users\\LENOVO T460s\\Praktikum4\\vendor\\laravel\\framework\\src\\Illuminate\\Routing\\Router.php(541): Illuminate\\Routing\\Router->createRoute(Array, 'profile', Array)
#6 C:\\Users\\LENOVO T460s\\Praktikum4\\vendor\\laravel\\framework\\src\\Illuminate\\Routing\\Router.php(159): Illuminate\\Routing\\Router->addRoute(Array, 'profile', 'ProfileControll...')
#7 C:\\Users\\LENOVO T460s\\Praktikum4\\vendor\\laravel\\framework\\src\\Illuminate\\Support\\Facades\\Facade.php(357): Illuminate\\Routing\\Router->get('profile', 'ProfileControll...')
#8 C:\\Users\\LENOVO T460s\\Praktikum4\\routes\\web.php(9): Illuminate\\Support\\Facades\\Facade::__callStatic('get', Array)
#9 C:\\Users\\LENOVO T460s\\Praktikum4\\vendor\\laravel\\framework\\src\\Illuminate\\Routing\\RouteFileRegistrar.php(35): require('C:\\\\Users\\\\LENOVO...')
#10 C:\\Users\\LENOVO T460s\\Praktikum4\\vendor\\laravel\\framework\\src\\Illuminate\\Routing\\Router.php(511): Illuminate\\Routing\\RouteFileRegistrar->register('C:\\\\Users\\\\LENOVO...')
#11 C:\\Users\\LENOVO T460s\\Praktikum4\\vendor\\laravel\\framework\\src\\Illuminate\\Routing\\Router.php(465): Illuminate\\Routing\\Router->loadRoutes('C:\\\\Users\\\\LENOVO...')
#12 C:\\Users\\LENOVO T460s\\Praktikum4\\vendor\\laravel\\framework\\src\\Illuminate\\Routing\\RouteRegistrar.php(194): Illuminate\\Routing\\Router->group(Array, 'C:\\\\Users\\\\LENOVO...')
#13 C:\\Users\\LENOVO T460s\\Praktikum4\\vendor\\laravel\\framework\\src\\Illuminate\\Foundation\\Configuration\\ApplicationBuilder.php(200): Illuminate\\Routing\\RouteRegistrar->group('C:\\\\Users\\\\LENOVO...')
#14 C:\\Users\\LENOVO T460s\\Praktikum4\\vendor\\laravel\\framework\\src\\Illuminate\\Container\\BoundMethod.php(36): Illuminate\\Foundation\\Configuration\\ApplicationBuilder->Illuminate\\Foundation\\Configuration\\{closure}()
#15 C:\\Users\\LENOVO T460s\\Praktikum4\\vendor\\laravel\\framework\\src\\Illuminate\\Container\\Util.php(41): Illuminate\\Container\\BoundMethod::Illuminate\\Container\\{closure}()
#16 C:\\Users\\LENOVO T460s\\Praktikum4\\vendor\\laravel\\framework\\src\\Illuminate\\Container\\BoundMethod.php(81): Illuminate\\Container\\Util::unwrapIfClosure(Object(Closure))
#17 C:\\Users\\LENOVO T460s\\Praktikum4\\vendor\\laravel\\framework\\src\\Illuminate\\Container\\BoundMethod.php(35): Illuminate\\Container\\BoundMethod::callBoundMethod(Object(Illuminate\\Foundation\\Application), Object(Closure), Object(Closure))
#18 C:\\Users\\LENOVO T460s\\Praktikum4\\vendor\\laravel\\framework\\src\\Illuminate\\Container\\Container.php(662): Illuminate\\Container\\BoundMethod::call(Object(Illuminate\\Foundation\\Application), Object(Closure), Array, NULL)
#19 C:\\Users\\LENOVO T460s\\Praktikum4\\vendor\\laravel\\framework\\src\\Illuminate\\Foundation\\Support\\Providers\\RouteServiceProvider.php(138): Illuminate\\Container\\Container->call(Object(Closure))
#20 C:\\Users\\LENOVO T460s\\Praktikum4\\vendor\\laravel\\framework\\src\\Illuminate\\Foundation\\Support\\Providers\\RouteServiceProvider.php(52): Illuminate\\Foundation\\Support\\Providers\\RouteServiceProvider->loadRoutes()
#21 C:\\Users\\LENOVO T460s\\Praktikum4\\vendor\\laravel\\framework\\src\\Illuminate\\Container\\BoundMethod.php(36): Illuminate\\Foundation\\Support\\Providers\\RouteServiceProvider->Illuminate\\Foundation\\Support\\Providers\\{closure}()
#22 C:\\Users\\LENOVO T460s\\Praktikum4\\vendor\\laravel\\framework\\src\\Illuminate\\Container\\Util.php(41): Illuminate\\Container\\BoundMethod::Illuminate\\Container\\{closure}()
#23 C:\\Users\\LENOVO T460s\\Praktikum4\\vendor\\laravel\\framework\\src\\Illuminate\\Container\\BoundMethod.php(81): Illuminate\\Container\\Util::unwrapIfClosure(Object(Closure))
#24 C:\\Users\\LENOVO T460s\\Praktikum4\\vendor\\laravel\\framework\\src\\Illuminate\\Container\\BoundMethod.php(35): Illuminate\\Container\\BoundMethod::callBoundMethod(Object(Illuminate\\Foundation\\Application), Object(Closure), Object(Closure))
#25 C:\\Users\\LENOVO T460s\\Praktikum4\\vendor\\laravel\\framework\\src\\Illuminate\\Container\\Container.php(662): Illuminate\\Container\\BoundMethod::call(Object(Illuminate\\Foundation\\Application), Object(Closure), Array, NULL)
#26 C:\\Users\\LENOVO T460s\\Praktikum4\\vendor\\laravel\\framework\\src\\Illuminate\\Support\\ServiceProvider.php(126): Illuminate\\Container\\Container->call(Object(Closure))
#27 C:\\Users\\LENOVO T460s\\Praktikum4\\vendor\\laravel\\framework\\src\\Illuminate\\Foundation\\Application.php(1102): Illuminate\\Support\\ServiceProvider->callBootedCallbacks()
#28 C:\\Users\\LENOVO T460s\\Praktikum4\\vendor\\laravel\\framework\\src\\Illuminate\\Foundation\\Application.php(1080): Illuminate\\Foundation\\Application->bootProvider(Object(Illuminate\\Foundation\\Support\\Providers\\RouteServiceProvider))
#29 [internal function]: Illuminate\\Foundation\\Application->Illuminate\\Foundation\\{closure}(Object(Illuminate\\Foundation\\Support\\Providers\\RouteServiceProvider), 23)
#30 C:\\Users\\LENOVO T460s\\Praktikum4\\vendor\\laravel\\framework\\src\\Illuminate\\Foundation\\Application.php(1079): array_walk(Array, Object(Closure))
#31 C:\\Users\\LENOVO T460s\\Praktikum4\\vendor\\laravel\\framework\\src\\Illuminate\\Foundation\\Bootstrap\\BootProviders.php(17): Illuminate\\Foundation\\Application->boot()
#32 C:\\Users\\LENOVO T460s\\Praktikum4\\vendor\\laravel\\framework\\src\\Illuminate\\Foundation\\Application.php(309): Illuminate\\Foundation\\Bootstrap\\BootProviders->bootstrap(Object(Illuminate\\Foundation\\Application))
#33 C:\\Users\\LENOVO T460s\\Praktikum4\\vendor\\laravel\\framework\\src\\Illuminate\\Foundation\\Http\\Kernel.php(186): Illuminate\\Foundation\\Application->bootstrapWith(Array)
#34 C:\\Users\\LENOVO T460s\\Praktikum4\\vendor\\laravel\\framework\\src\\Illuminate\\Foundation\\Http\\Kernel.php(170): Illuminate\\Foundation\\Http\\Kernel->bootstrap()
#35 C:\\Users\\LENOVO T460s\\Praktikum4\\vendor\\laravel\\framework\\src\\Illuminate\\Foundation\\Http\\Kernel.php(144): Illuminate\\Foundation\\Http\\Kernel->sendRequestThroughRouter(Object(Illuminate\\Http\\Request))
#36 C:\\Users\\LENOVO T460s\\Praktikum4\\vendor\\laravel\\framework\\src\\Illuminate\\Foundation\\Application.php(1168): Illuminate\\Foundation\\Http\\Kernel->handle(Object(Illuminate\\Http\\Request))
#37 C:\\Users\\LENOVO T460s\\Praktikum4\\public\\index.php(17): Illuminate\\Foundation\\Application->handleRequest(Object(Illuminate\\Http\\Request))
#38 C:\\Users\\LENOVO T460s\\Praktikum4\\vendor\\laravel\\framework\\src\\Illuminate\\Foundation\\resources\\server.php(16): require_once('C:\\\\Users\\\\LENOVO...')
#39 {main}
"} 
